<?xml version="1.0" encoding="UTF-8"?>
<!-- Generated by org.testng.reporters.JUnitReportReporter -->
<testsuite hostname="LAPTOP-5TI051RS" failures="0" tests="1" name="com.test1" time="0.007" errors="0" timestamp="2020-11-22T08:57:17 EST" skipped="0">
  <testcase classname="com.test1" name="test" time="0.007"/>
  <system-out/>
</testsuite> <!-- com.test1 -->
