<?xml version="1.0" encoding="UTF-8"?>
<!-- Generated by org.testng.reporters.JUnitReportReporter -->
<testsuite hostname="LAPTOP-5TI051RS" failures="0" tests="2" name="com.test1" time="7.079" errors="0" timestamp="2020-11-22T19:34:13 EST" skipped="0">
  <testcase classname="com.test1" name="launchBr" time="7.078"/>
  <system-out/>
  <testcase classname="com.test1" name="test" time="0.001"/>
  <system-out/>
</testsuite> <!-- com.test1 -->
